<?xml version="1.0" encoding="UTF-8"?>
<!-- Generated by org.testng.reporters.JUnitXMLReporter -->
<testsuite hostname="DESKTOP-LOH2U1E" ignored="0" name="Command line test" tests="6" failures="0" timestamp="2020-08-31T23:49:42 IST" time="0.138" errors="0">
  <testcase name="AndroidTest" time="0.024" classname="qaclickacademy.com.AppiumTest"/>
  <testcase name="IOsTest" time="0.001" classname="qaclickacademy.com.AppiumTest"/>
  <testcase name="RestApiTest1" time="0.001" classname="qaclickacademy.com.RestapiTest"/>
  <testcase name="RestApiTest2" time="0.0" classname="qaclickacademy.com.RestapiTest"/>
  <testcase name="BrowserAutomation" time="0.001" classname="qaclickacademy.com.SeliniumTest"/>
  <testcase name="elementui" time="0.0" classname="qaclickacademy.com.SeliniumTest"/>
</testsuite> <!-- Command line test -->
