<?xml version="1.0" encoding="UTF-8"?>
<!-- Generated by org.testng.reporters.JUnitXMLReporter -->
<testsuite hostname="DESKTOP-LOH2U1E" ignored="0" name="Test" tests="4" failures="0" timestamp="2020-03-16T22:45:12 IST" time="0.094" errors="0">
  <testcase name="BrowserAutomation" time="0.01" classname="qaclickacademy.com.SeliniumTest"/>
  <testcase name="elementui" time="0.001" classname="qaclickacademy.com.SeliniumTest"/>
  <testcase name="RestApiTest1" time="0.001" classname="qaclickacademy.com.RestapiTest"/>
  <testcase name="RestApiTest2" time="0.001" classname="qaclickacademy.com.RestapiTest"/>
</testsuite> <!-- Test -->
